#
# A fatal error has been detected by the Java Runtime Environment:
#
#  EXCEPTION_ACCESS_VIOLATION (0xc0000005) at pc=0x00007ff81ad3c986, pid=6424, tid=10160
#
# JRE version: OpenJDK Runtime Environment Temurin-17.0.3+7 (17.0.3+7) (build 17.0.3+7)
# Java VM: OpenJDK 64-Bit Server VM Temurin-17.0.3+7 (17.0.3+7, mixed mode, emulated-client, sharing, tiered, compressed oops, compressed class ptrs, g1 gc, windows-amd64)
# Problematic frame:
# V  [jvm.dll+0xc986]
#
# No core dump will be written. Minidumps are not enabled by default on client versions of Windows
#
# If you would like to submit a bug report, please visit:
#   https://github.com/adoptium/adoptium-support/issues
#

---------------  S U M M A R Y ------------

Command Line: -XX:TieredStopAtLevel=1 -Xverify:none -Dspring.output.ansi.enabled=always -Dcom.sun.management.jmxremote -Dspring.jmx.enabled=true -Dspring.liveBeansView.mbeanDomain -Dspring.application.admin.enabled=true -javaagent:C:\Users\patry\AppData\Local\JetBrains\Toolbox\apps\IDEA-U\ch-0\221.5787.30\lib\idea_rt.jar=55302:C:\Users\patry\AppData\Local\JetBrains\Toolbox\apps\IDEA-U\ch-0\221.5787.30\bin -Dfile.encoding=UTF-8 pl.mantiscrab.calculator.CalculatorApplication

Host: Intel(R) Core(TM) i3-4010U CPU @ 1.70GHz, 4 cores, 11G,  Windows 10 , 64 bit Build 19041 (10.0.19041.1741)
Time: Mon Jun 20 17:49:29 2022 Central European Daylight Time elapsed time: 4.346820 seconds (0d 0h 0m 4s)

---------------  T H R E A D  ---------------

Current thread (0x00000283320ab420):  GCTaskThread "GC Thread#3" [stack: 0x00000087fd300000,0x00000087fd400000] [id=10160]

Stack: [0x00000087fd300000,0x00000087fd400000],  sp=0x00000087fd3ff838,  free space=1022k
Native frames: (J=compiled Java code, j=interpreted, Vv=VM code, C=native code)
V  [jvm.dll+0xc986]


siginfo: EXCEPTION_ACCESS_VIOLATION (0xc0000005), reading address 0x0000000872756f7b


Register to memory mapping:

RIP=0x00007ff81ad3c986 jvm.dll
RAX=0x0000000000000001 is an unknown value
RBX=0x0000000000000001 is an unknown value
RCX=0x000000074d846eb0 is pointing into object: [B 
{0x000000074d8467c8} - klass: {type array byte}
 - length: 3072
RDX=0x000000074d846eb0 is pointing into object: [B 
{0x000000074d8467c8} - klass: {type array byte}
 - length: 3072
RSP=0x00000087fd3ff838 points into unknown readable memory: 0x00007ff81b035edf | df 5e 03 1b f8 7f 00 00
RBP=0x00000087fd3ff8b8 points into unknown readable memory: 0x0000000000000000 | 00 00 00 00 00 00 00 00
RSI=0x0000028332284430 points into unknown readable memory: 0x00007ff81b686c48 | 48 6c 68 1b f8 7f 00 00
RDI=0x0000028332284430 points into unknown readable memory: 0x00007ff81b686c48 | 48 6c 68 1b f8 7f 00 00
R8 =0x000000074d846eb0 is pointing into object: [B 
{0x000000074d8467c8} - klass: {type array byte}
 - length: 3072
R9 =0x0000000872756f73 is an unknown value
R10=0x000000074d846eb0 is pointing into object: [B 
{0x000000074d8467c8} - klass: {type array byte}
 - length: 3072
R11=0x0000000000000001 is an unknown value
R12=0x00000283320018f8 points into unknown readable memory: 0x88000c0406e8a20c | 0c a2 e8 06 04 0c 00 88
R13=0x000000074d846eb0 is pointing into object: [B 
{0x000000074d8467c8} - klass: {type array byte}
 - length: 3072
R14=0x0000000872756f73 is an unknown value
R15=0x0 is NULL


Registers:
RAX=0x0000000000000001, RBX=0x0000000000000001, RCX=0x000000074d846eb0, RDX=0x000000074d846eb0
RSP=0x00000087fd3ff838, RBP=0x00000087fd3ff8b8, RSI=0x0000028332284430, RDI=0x0000028332284430
R8 =0x000000074d846eb0, R9 =0x0000000872756f73, R10=0x000000074d846eb0, R11=0x0000000000000001
R12=0x00000283320018f8, R13=0x000000074d846eb0, R14=0x0000000872756f73, R15=0x0000000000000000
RIP=0x00007ff81ad3c986, EFLAGS=0x0000000000010202

Top of Stack: (sp=0x00000087fd3ff838)
0x00000087fd3ff838:   00007ff81b035edf 0000000000000000
0x00000087fd3ff848:   0000000000000001 00000087fd3ff8b8
0x00000087fd3ff858:   0000000000000000 0000000000000000
0x00000087fd3ff868:   00007ff800000000 000000074d194408
0x00000087fd3ff878:   0000000000000001 0000000700000000
0x00000087fd3ff888:   0000000000000001 0000000000000008
0x00000087fd3ff898:   00007ff81b034789 0000000000000001
0x00000087fd3ff8a8:   0000000000000000 00000283322845b0
0x00000087fd3ff8b8:   0000000000000000 0000000000000040
0x00000087fd3ff8c8:   00000000000003d8 00000283320018f8
0x00000087fd3ff8d8:   0000028332284430 000000074bf609e4
0x00000087fd3ff8e8:   000000074bf609e5 00000000000000c2
0x00000087fd3ff8f8:   00007ff81b036f72 0000000000000000
0x00000087fd3ff908:   00007ff81b030001 0000028332340001
0x00000087fd3ff918:   6552746c75616665 00000087fd3ff9a0
0x00000087fd3ff928:   0000005006b26001 0000000000000000 

Instructions: (pc=0x00007ff81ad3c986)
0x00007ff81ad3c886:   cc cc cc cc cc cc cc cc cc cc 4c 8b 01 4c 8b c9
0x00007ff81ad3c896:   48 8b 0d 33 e1 b4 00 ba 64 60 08 00 e9 c9 f1 ff
0x00007ff81ad3c8a6:   ff cc cc cc cc cc cc cc cc cc 8b 05 32 2a af 00
0x00007ff81ad3c8b6:   c3 cc cc cc cc cc cc cc cc cc 0f b6 05 68 e9 b5
0x00007ff81ad3c8c6:   00 48 8b d1 84 c0 74 16 44 8b 41 08 8b 0d 10 2a
0x00007ff81ad3c8d6:   af 00 49 d3 e0 4c 03 05 fe 29 af 00 eb 04 4c 8b
0x00007ff81ad3c8e6:   41 08 45 8b 50 08 45 85 d2 7e 0e 41 f6 c2 01 75
0x00007ff81ad3c8f6:   53 41 c1 fa 03 41 8b c2 c3 79 49 84 c0 b9 10 00
0x00007ff81ad3c906:   00 00 8b 05 16 39 af 00 41 b8 0c 00 00 00 41 0f
0x00007ff81ad3c916:   45 c8 ff c8 4c 63 c8 48 63 14 11 41 8b ca 83 e1
0x00007ff81ad3c926:   3f 48 d3 e2 41 8b ca 48 c1 f9 10 0f b6 c1 49 8d
0x00007ff81ad3c936:   0c 11 49 f7 d1 48 03 c1 49 c1 e9 03 48 c1 e8 03
0x00007ff81ad3c946:   41 23 c1 c3 49 8b 00 49 8b c8 48 ff a0 00 01 00
0x00007ff81ad3c956:   00 cc cc cc cc cc cc cc cc cc 8b 44 24 30 45 03
0x00007ff81ad3c966:   c9 44 2b 4c 24 28 83 c0 0b 44 03 ca 45 03 c8 41
0x00007ff81ad3c976:   03 c1 c3 cc cc cc cc cc cc cc 4c 8b ca 48 8b d1
0x00007ff81ad3c986:   45 8b 41 08 45 85 c0 7e 0e 41 f6 c0 01 75 56 41
0x00007ff81ad3c996:   c1 f8 03 41 8b c0 c3 79 4c 80 3d 89 e8 b5 00 00
0x00007ff81ad3c9a6:   b8 0c 00 00 00 b9 10 00 00 00 0f 45 c8 8b 05 6b
0x00007ff81ad3c9b6:   38 af 00 ff c8 4c 63 c8 48 63 14 11 41 8b c8 83
0x00007ff81ad3c9c6:   e1 3f 48 d3 e2 41 8b c8 48 c1 f9 10 0f b6 c1 49
0x00007ff81ad3c9d6:   8d 0c 11 49 f7 d1 48 03 c1 49 c1 e9 03 48 c1 e8
0x00007ff81ad3c9e6:   03 41 23 c1 c3 49 8b 01 49 8b c9 48 ff a0 00 01
0x00007ff81ad3c9f6:   00 00 cc cc cc cc cc cc cc cc 48 8b 41 08 0f b7
0x00007ff81ad3ca06:   48 2a 0f b7 40 28 83 c0 48 03 c1 c3 cc cc cc cc
0x00007ff81ad3ca16:   cc cc cc cc cc cc cc cc cc cc 48 89 5c 24 08 57
0x00007ff81ad3ca26:   48 83 ec 20 0f b6 05 3f c5 b9 00 48 8b fa 48 8b
0x00007ff81ad3ca36:   d9 84 c0 74 4f 48 85 15 56 bd b9 00 74 38 48 8b
0x00007ff81ad3ca46:   ca e8 04 57 85 00 48 8b d0 48 85 db 74 25 48 85
0x00007ff81ad3ca56:   c0 74 20 48 8b c7 f0 48 0f b1 13 74 16 48 85 05
0x00007ff81ad3ca66:   2e bd b9 00 74 0d 48 8b c8 f0 48 0f b1 13 48 3b
0x00007ff81ad3ca76:   c1 75 ea 48 8b fa 48 8b c7 48 8b 5c 24 30 48 83 


Stack slot to memory mapping:
stack at sp + 0 slots: 0x00007ff81b035edf jvm.dll
stack at sp + 1 slots: 0x0 is NULL
stack at sp + 2 slots: 0x0000000000000001 is an unknown value
stack at sp + 3 slots: 0x00000087fd3ff8b8 points into unknown readable memory: 0x0000000000000000 | 00 00 00 00 00 00 00 00
stack at sp + 4 slots: 0x0 is NULL
stack at sp + 5 slots: 0x0 is NULL
stack at sp + 6 slots: 0x00007ff800000000 is an unknown value
stack at sp + 7 slots: 0x000000074d194408 is an oop: java.lang.Class 
{0x000000074d194408} - klass: 'java/lang/Class'
 - ---- fields (total size 15 words):
 - private volatile transient 'classRedefinedCount' 'I' @12  0
 - private volatile transient 'cachedConstructor' 'Ljava/lang/reflect/Constructor;' @40  a 'java/lang/reflect/Constructor'{0x000000074ce790c0} (e99cf218)
 - private transient 'name' 'Ljava/lang/String;' @44  "org.springframework.boot.logging.logback.ColorConverter"{0x000000074d194490} (e9a32892)
 - private transient 'module' 'Ljava/lang/Module;' @48  a 'java/lang/Module'{0x0000000741f08260} (e83e104c)
 - private final 'classLoader' 'Ljava/lang/ClassLoader;' @52  a 'jdk/internal/loader/ClassLoaders$AppClassLoader'{0x0000000741e5f400} (e83cbe80)
 - private transient 'classData' 'Ljava/lang/Object;' @56  NULL (0)
 - private transient 'packageName' 'Ljava/lang/String;' @60  "org.springframework.boot.logging.logback"{0x000000074d43e550} (e9a87caa)
 - private final 'componentType' 'Ljava/lang/Class;' @64  NULL (0)
 - private volatile transient 'reflectionData' 'Ljava/lang/ref/SoftReference;' @68  a 'java/lang/ref/SoftReference'{0x000000074ce78fd8} (e99cf1fb)
 - private volatile transient 'genericInfo' 'Lsun/reflect/generics/repository/ClassRepository;' @72  NULL (0)
 - private volatile transient 'enumConstants' '[Ljava/lang/Object;' @76  NULL (0)
 - private volatile transient 'enumConstantDirectory' 'Ljava/util/Map;' @80  NULL (0)
 - private volatile transient 'annotationData' 'Ljava/lang/Class$AnnotationData;' @84  NULL (0)
 - private volatile transient 'annotationType' 'Lsun/reflect/annotation/AnnotationType;' @88  NULL (0)
 - transient 'classValueMap' 'Ljava/lang/ClassValue$ClassValueMap;' @92  NULL (0)
 - signature: Lorg/springframework/boot/logging/logback/ColorConverter;
 - fake entry for mirror: 'org/springframework/boot/logging/logback/ColorConverter'
 - fake entry for array: NULL
 - fake entry for oop_size: 15
 - fake entry for static_oop_field_count: 2
 - private static final 'ELEMENTS' 'Ljava/util/Map;' @112  a 'java/util/Collections$UnmodifiableMap'{0x000000074ce7bcb8} (e99cf797)
 - private static final 'LEVELS' 'Ljava/util/Map;' @116  a 'java/util/Collections$UnmodifiableMap'{0x000000074ce7bd98} (e99cf7b3)


---------------  P R O C E S S  ---------------

Threads class SMR info:
_java_thread_list=0x00000283323bad00, length=16, elements={
0x000002831cdc3050, 0x0000028330c53d80, 0x0000028330c55390, 0x0000028330c666b0,
0x0000028330c6a080, 0x0000028330c6aa30, 0x0000028330c6b3e0, 0x0000028330c6bd90,
0x0000028330c6ef30, 0x000002831ce98340, 0x0000028330cdd7f0, 0x0000028331ac3e60,
0x0000028331ac4330, 0x0000028331fb0c80, 0x0000028331fe13c0, 0x0000028332343020
}

Java Threads: ( => current thread )
  0x000002831cdc3050 JavaThread "main" [_thread_blocked, id=13192, stack(0x00000087fbb00000,0x00000087fbc00000)]
  0x0000028330c53d80 JavaThread "Reference Handler" daemon [_thread_blocked, id=15280, stack(0x00000087fc200000,0x00000087fc300000)]
  0x0000028330c55390 JavaThread "Finalizer" daemon [_thread_blocked, id=12032, stack(0x00000087fc300000,0x00000087fc400000)]
  0x0000028330c666b0 JavaThread "Signal Dispatcher" daemon [_thread_blocked, id=17220, stack(0x00000087fc400000,0x00000087fc500000)]
  0x0000028330c6a080 JavaThread "Attach Listener" daemon [_thread_blocked, id=3520, stack(0x00000087fc500000,0x00000087fc600000)]
  0x0000028330c6aa30 JavaThread "Service Thread" daemon [_thread_blocked, id=15728, stack(0x00000087fc600000,0x00000087fc700000)]
  0x0000028330c6b3e0 JavaThread "Monitor Deflation Thread" daemon [_thread_blocked, id=16040, stack(0x00000087fc700000,0x00000087fc800000)]
  0x0000028330c6bd90 JavaThread "C1 CompilerThread0" daemon [_thread_blocked, id=16772, stack(0x00000087fc800000,0x00000087fc900000)]
  0x0000028330c6ef30 JavaThread "Sweeper thread" daemon [_thread_blocked, id=12080, stack(0x00000087fc900000,0x00000087fca00000)]
  0x000002831ce98340 JavaThread "Common-Cleaner" daemon [_thread_blocked, id=11540, stack(0x00000087fca00000,0x00000087fcb00000)]
  0x0000028330cdd7f0 JavaThread "C1 CompilerThread1" daemon [_thread_blocked, id=15184, stack(0x00000087fcb00000,0x00000087fcc00000)]
  0x0000028331ac3e60 JavaThread "Monitor Ctrl-Break" daemon [_thread_in_native, id=10520, stack(0x00000087fcc00000,0x00000087fcd00000)]
  0x0000028331ac4330 JavaThread "Notification Thread" daemon [_thread_blocked, id=17212, stack(0x00000087fcd00000,0x00000087fce00000)]
  0x0000028331fb0c80 JavaThread "RMI TCP Accept-0" daemon [_thread_in_native, id=13924, stack(0x00000087fce00000,0x00000087fcf00000)]
  0x0000028331fe13c0 JavaThread "C1 CompilerThread2" daemon [_thread_blocked, id=14968, stack(0x00000087fd000000,0x00000087fd100000)]
  0x0000028332343020 JavaThread "background-preinit" [_thread_blocked, id=16688, stack(0x00000087fd500000,0x00000087fd600000)]

Other Threads:
  0x0000028330c4e120 VMThread "VM Thread" [stack: 0x00000087fc100000,0x00000087fc200000] [id=2868]
  0x0000028331f9a430 WatcherThread [stack: 0x00000087fcf00000,0x00000087fd000000] [id=16804]
  0x000002831ce1ba80 GCTaskThread "GC Thread#0" [stack: 0x00000087fbc00000,0x00000087fbd00000] [id=3608]
  0x00000283320aaec0 GCTaskThread "GC Thread#1" [stack: 0x00000087fd100000,0x00000087fd200000] [id=12284]
  0x00000283320ab170 GCTaskThread "GC Thread#2" [stack: 0x00000087fd200000,0x00000087fd300000] [id=16324]
=>0x00000283320ab420 GCTaskThread "GC Thread#3" [stack: 0x00000087fd300000,0x00000087fd400000] [id=10160]
  0x000002831ce28800 ConcurrentGCThread "G1 Main Marker" [stack: 0x00000087fbd00000,0x00000087fbe00000] [id=13076]
  0x000002831ce29210 ConcurrentGCThread "G1 Conc#0" [stack: 0x00000087fbe00000,0x00000087fbf00000] [id=6804]
  0x000002831ce868b0 ConcurrentGCThread "G1 Refine#0" [stack: 0x00000087fbf00000,0x00000087fc000000] [id=13128]
  0x0000028332140f00 ConcurrentGCThread "G1 Refine#1" [stack: 0x00000087fd400000,0x00000087fd500000] [id=14520]
  0x000002831ce872d0 ConcurrentGCThread "G1 Service" [stack: 0x00000087fc000000,0x00000087fc100000] [id=15436]

Threads with active compile tasks:

VM state: at safepoint (normal execution)

VM Mutex/Monitor currently owned by a thread:  ([mutex/lock_event])
[0x000002831cdbfa10] Threads_lock - owner thread: 0x0000028330c4e120
[0x000002831cdc0c10] Heap_lock - owner thread: 0x0000028332343020

Heap address: 0x0000000741c00000, size: 3044 MB, Compressed Oops mode: Zero based, Oop shift amount: 3

CDS archive(s) mapped at: [0x0000000800000000-0x0000000800bc0000-0x0000000800bc0000), size 12320768, SharedBaseAddress: 0x0000000800000000, ArchiveRelocationMode: 0.
Compressed class space mapped at: 0x0000000800c00000-0x0000000840c00000, reserved size: 1073741824
Narrow klass base: 0x0000000800000000, Narrow klass shift: 0, Narrow klass range: 0x100000000

GC Precious Log:
 CPUs: 4 total, 4 available
 Memory: 12171M
 Large Page Support: Disabled
 NUMA Support: Disabled
 Compressed Oops: Enabled (Zero based)
 Heap Region Size: 2M
 Heap Min Capacity: 8M
 Heap Initial Capacity: 192M
 Heap Max Capacity: 3044M
 Pre-touch: Disabled
 Parallel Workers: 4
 Concurrent Workers: 1
 Concurrent Refinement Workers: 4
 Periodic GC: Disabled

Heap:
 garbage-first heap   total 196608K, used 32087K [0x0000000741c00000, 0x0000000800000000)
  region size 2048K, 14 young (28672K), 1 survivors (2048K)
 Metaspace       used 13116K, committed 13376K, reserved 1064960K
  class space    used 1728K, committed 1856K, reserved 1048576K

Heap Regions: E=young(eden), S=young(survivor), O=old, HS=humongous(starts), HC=humongous(continues), CS=collection set, F=free, OA=open archive, CA=closed archive, TAMS=top-at-mark-start (previous, next)
|   0|0x0000000741c00000, 0x0000000741e00000, 0x0000000741e00000|100%| O|  |TAMS 0x0000000741c00000, 0x0000000741c00000| Untracked 
|   1|0x0000000741e00000, 0x0000000742000000, 0x0000000742000000|100%| O|  |TAMS 0x0000000741e00000, 0x0000000741e00000| Untracked 
|   2|0x0000000742000000, 0x00000007420ce600, 0x0000000742200000| 40%| O|  |TAMS 0x0000000742000000, 0x0000000742000000| Untracked 
|   3|0x0000000742200000, 0x0000000742200000, 0x0000000742400000|  0%| F|  |TAMS 0x0000000742200000, 0x0000000742200000| Untracked 
|   4|0x0000000742400000, 0x0000000742400000, 0x0000000742600000|  0%| F|  |TAMS 0x0000000742400000, 0x0000000742400000| Untracked 
|   5|0x0000000742600000, 0x0000000742600000, 0x0000000742800000|  0%| F|  |TAMS 0x0000000742600000, 0x0000000742600000| Untracked 
|   6|0x0000000742800000, 0x0000000742800000, 0x0000000742a00000|  0%| F|  |TAMS 0x0000000742800000, 0x0000000742800000| Untracked 
|   7|0x0000000742a00000, 0x0000000742a00000, 0x0000000742c00000|  0%| F|  |TAMS 0x0000000742a00000, 0x0000000742a00000| Untracked 
|   8|0x0000000742c00000, 0x0000000742c00000, 0x0000000742e00000|  0%| F|  |TAMS 0x0000000742c00000, 0x0000000742c00000| Untracked 
|   9|0x0000000742e00000, 0x0000000742e00000, 0x0000000743000000|  0%| F|  |TAMS 0x0000000742e00000, 0x0000000742e00000| Untracked 
|  10|0x0000000743000000, 0x0000000743000000, 0x0000000743200000|  0%| F|  |TAMS 0x0000000743000000, 0x0000000743000000| Untracked 
|  11|0x0000000743200000, 0x0000000743200000, 0x0000000743400000|  0%| F|  |TAMS 0x0000000743200000, 0x0000000743200000| Untracked 
|  12|0x0000000743400000, 0x0000000743400000, 0x0000000743600000|  0%| F|  |TAMS 0x0000000743400000, 0x0000000743400000| Untracked 
|  13|0x0000000743600000, 0x0000000743600000, 0x0000000743800000|  0%| F|  |TAMS 0x0000000743600000, 0x0000000743600000| Untracked 
|  14|0x0000000743800000, 0x0000000743800000, 0x0000000743a00000|  0%| F|  |TAMS 0x0000000743800000, 0x0000000743800000| Untracked 
|  15|0x0000000743a00000, 0x0000000743a00000, 0x0000000743c00000|  0%| F|  |TAMS 0x0000000743a00000, 0x0000000743a00000| Untracked 
|  16|0x0000000743c00000, 0x0000000743c00000, 0x0000000743e00000|  0%| F|  |TAMS 0x0000000743c00000, 0x0000000743c00000| Untracked 
|  17|0x0000000743e00000, 0x0000000743e00000, 0x0000000744000000|  0%| F|  |TAMS 0x0000000743e00000, 0x0000000743e00000| Untracked 
|  18|0x0000000744000000, 0x0000000744000000, 0x0000000744200000|  0%| F|  |TAMS 0x0000000744000000, 0x0000000744000000| Untracked 
|  19|0x0000000744200000, 0x0000000744200000, 0x0000000744400000|  0%| F|  |TAMS 0x0000000744200000, 0x0000000744200000| Untracked 
|  20|0x0000000744400000, 0x0000000744400000, 0x0000000744600000|  0%| F|  |TAMS 0x0000000744400000, 0x0000000744400000| Untracked 
|  21|0x0000000744600000, 0x0000000744600000, 0x0000000744800000|  0%| F|  |TAMS 0x0000000744600000, 0x0000000744600000| Untracked 
|  22|0x0000000744800000, 0x0000000744800000, 0x0000000744a00000|  0%| F|  |TAMS 0x0000000744800000, 0x0000000744800000| Untracked 
|  23|0x0000000744a00000, 0x0000000744a00000, 0x0000000744c00000|  0%| F|  |TAMS 0x0000000744a00000, 0x0000000744a00000| Untracked 
|  24|0x0000000744c00000, 0x0000000744c00000, 0x0000000744e00000|  0%| F|  |TAMS 0x0000000744c00000, 0x0000000744c00000| Untracked 
|  25|0x0000000744e00000, 0x0000000744e00000, 0x0000000745000000|  0%| F|  |TAMS 0x0000000744e00000, 0x0000000744e00000| Untracked 
|  26|0x0000000745000000, 0x0000000745000000, 0x0000000745200000|  0%| F|  |TAMS 0x0000000745000000, 0x0000000745000000| Untracked 
|  27|0x0000000745200000, 0x0000000745200000, 0x0000000745400000|  0%| F|  |TAMS 0x0000000745200000, 0x0000000745200000| Untracked 
|  28|0x0000000745400000, 0x0000000745400000, 0x0000000745600000|  0%| F|  |TAMS 0x0000000745400000, 0x0000000745400000| Untracked 
|  29|0x0000000745600000, 0x0000000745600000, 0x0000000745800000|  0%| F|  |TAMS 0x0000000745600000, 0x0000000745600000| Untracked 
|  30|0x0000000745800000, 0x0000000745800000, 0x0000000745a00000|  0%| F|  |TAMS 0x0000000745800000, 0x0000000745800000| Untracked 
|  31|0x0000000745a00000, 0x0000000745a00000, 0x0000000745c00000|  0%| F|  |TAMS 0x0000000745a00000, 0x0000000745a00000| Untracked 
|  32|0x0000000745c00000, 0x0000000745c00000, 0x0000000745e00000|  0%| F|  |TAMS 0x0000000745c00000, 0x0000000745c00000| Untracked 
|  33|0x0000000745e00000, 0x0000000745e00000, 0x0000000746000000|  0%| F|  |TAMS 0x0000000745e00000, 0x0000000745e00000| Untracked 
|  34|0x0000000746000000, 0x0000000746000000, 0x0000000746200000|  0%| F|  |TAMS 0x0000000746000000, 0x0000000746000000| Untracked 
|  35|0x0000000746200000, 0x0000000746200000, 0x0000000746400000|  0%| F|  |TAMS 0x0000000746200000, 0x0000000746200000| Untracked 
|  36|0x0000000746400000, 0x0000000746400000, 0x0000000746600000|  0%| F|  |TAMS 0x0000000746400000, 0x0000000746400000| Untracked 
|  37|0x0000000746600000, 0x0000000746600000, 0x0000000746800000|  0%| F|  |TAMS 0x0000000746600000, 0x0000000746600000| Untracked 
|  38|0x0000000746800000, 0x0000000746800000, 0x0000000746a00000|  0%| F|  |TAMS 0x0000000746800000, 0x0000000746800000| Untracked 
|  39|0x0000000746a00000, 0x0000000746a00000, 0x0000000746c00000|  0%| F|  |TAMS 0x0000000746a00000, 0x0000000746a00000| Untracked 
|  40|0x0000000746c00000, 0x0000000746c00000, 0x0000000746e00000|  0%| F|  |TAMS 0x0000000746c00000, 0x0000000746c00000| Untracked 
|  41|0x0000000746e00000, 0x0000000746e00000, 0x0000000747000000|  0%| F|  |TAMS 0x0000000746e00000, 0x0000000746e00000| Untracked 
|  42|0x0000000747000000, 0x0000000747000000, 0x0000000747200000|  0%| F|  |TAMS 0x0000000747000000, 0x0000000747000000| Untracked 
|  43|0x0000000747200000, 0x0000000747200000, 0x0000000747400000|  0%| F|  |TAMS 0x0000000747200000, 0x0000000747200000| Untracked 
|  44|0x0000000747400000, 0x0000000747400000, 0x0000000747600000|  0%| F|  |TAMS 0x0000000747400000, 0x0000000747400000| Untracked 
|  45|0x0000000747600000, 0x0000000747600000, 0x0000000747800000|  0%| F|  |TAMS 0x0000000747600000, 0x0000000747600000| Untracked 
|  46|0x0000000747800000, 0x0000000747800000, 0x0000000747a00000|  0%| F|  |TAMS 0x0000000747800000, 0x0000000747800000| Untracked 
|  47|0x0000000747a00000, 0x0000000747a00000, 0x0000000747c00000|  0%| F|  |TAMS 0x0000000747a00000, 0x0000000747a00000| Untracked 
|  48|0x0000000747c00000, 0x0000000747c00000, 0x0000000747e00000|  0%| F|  |TAMS 0x0000000747c00000, 0x0000000747c00000| Untracked 
|  49|0x0000000747e00000, 0x0000000747e00000, 0x0000000748000000|  0%| F|  |TAMS 0x0000000747e00000, 0x0000000747e00000| Untracked 
|  50|0x0000000748000000, 0x0000000748000000, 0x0000000748200000|  0%| F|  |TAMS 0x0000000748000000, 0x0000000748000000| Untracked 
|  51|0x0000000748200000, 0x0000000748200000, 0x0000000748400000|  0%| F|  |TAMS 0x0000000748200000, 0x0000000748200000| Untracked 
|  52|0x0000000748400000, 0x0000000748400000, 0x0000000748600000|  0%| F|  |TAMS 0x0000000748400000, 0x0000000748400000| Untracked 
|  53|0x0000000748600000, 0x0000000748600000, 0x0000000748800000|  0%| F|  |TAMS 0x0000000748600000, 0x0000000748600000| Untracked 
|  54|0x0000000748800000, 0x0000000748800000, 0x0000000748a00000|  0%| F|  |TAMS 0x0000000748800000, 0x0000000748800000| Untracked 
|  55|0x0000000748a00000, 0x0000000748a00000, 0x0000000748c00000|  0%| F|  |TAMS 0x0000000748a00000, 0x0000000748a00000| Untracked 
|  56|0x0000000748c00000, 0x0000000748c00000, 0x0000000748e00000|  0%| F|  |TAMS 0x0000000748c00000, 0x0000000748c00000| Untracked 
|  57|0x0000000748e00000, 0x0000000748e00000, 0x0000000749000000|  0%| F|  |TAMS 0x0000000748e00000, 0x0000000748e00000| Untracked 
|  58|0x0000000749000000, 0x0000000749000000, 0x0000000749200000|  0%| F|  |TAMS 0x0000000749000000, 0x0000000749000000| Untracked 
|  59|0x0000000749200000, 0x0000000749200000, 0x0000000749400000|  0%| F|  |TAMS 0x0000000749200000, 0x0000000749200000| Untracked 
|  60|0x0000000749400000, 0x0000000749400000, 0x0000000749600000|  0%| F|  |TAMS 0x0000000749400000, 0x0000000749400000| Untracked 
|  61|0x0000000749600000, 0x0000000749600000, 0x0000000749800000|  0%| F|  |TAMS 0x0000000749600000, 0x0000000749600000| Untracked 
|  62|0x0000000749800000, 0x0000000749800000, 0x0000000749a00000|  0%| F|  |TAMS 0x0000000749800000, 0x0000000749800000| Untracked 
|  63|0x0000000749a00000, 0x0000000749a00000, 0x0000000749c00000|  0%| F|  |TAMS 0x0000000749a00000, 0x0000000749a00000| Untracked 
|  64|0x0000000749c00000, 0x0000000749c00000, 0x0000000749e00000|  0%| F|  |TAMS 0x0000000749c00000, 0x0000000749c00000| Untracked 
|  65|0x0000000749e00000, 0x0000000749e00000, 0x000000074a000000|  0%| F|  |TAMS 0x0000000749e00000, 0x0000000749e00000| Untracked 
|  66|0x000000074a000000, 0x000000074a000000, 0x000000074a200000|  0%| F|  |TAMS 0x000000074a000000, 0x000000074a000000| Untracked 
|  67|0x000000074a200000, 0x000000074a200000, 0x000000074a400000|  0%| F|  |TAMS 0x000000074a200000, 0x000000074a200000| Untracked 
|  68|0x000000074a400000, 0x000000074a400000, 0x000000074a600000|  0%| F|  |TAMS 0x000000074a400000, 0x000000074a400000| Untracked 
|  69|0x000000074a600000, 0x000000074a600000, 0x000000074a800000|  0%| F|  |TAMS 0x000000074a600000, 0x000000074a600000| Untracked 
|  70|0x000000074a800000, 0x000000074a800000, 0x000000074aa00000|  0%| F|  |TAMS 0x000000074a800000, 0x000000074a800000| Untracked 
|  71|0x000000074aa00000, 0x000000074aa00000, 0x000000074ac00000|  0%| F|  |TAMS 0x000000074aa00000, 0x000000074aa00000| Untracked 
|  72|0x000000074ac00000, 0x000000074ac00000, 0x000000074ae00000|  0%| F|  |TAMS 0x000000074ac00000, 0x000000074ac00000| Untracked 
|  73|0x000000074ae00000, 0x000000074ae00000, 0x000000074b000000|  0%| F|  |TAMS 0x000000074ae00000, 0x000000074ae00000| Untracked 
|  74|0x000000074b000000, 0x000000074b000000, 0x000000074b200000|  0%| F|  |TAMS 0x000000074b000000, 0x000000074b000000| Untracked 
|  75|0x000000074b200000, 0x000000074b200000, 0x000000074b400000|  0%| F|  |TAMS 0x000000074b200000, 0x000000074b200000| Untracked 
|  76|0x000000074b400000, 0x000000074b400000, 0x000000074b600000|  0%| F|  |TAMS 0x000000074b400000, 0x000000074b400000| Untracked 
|  77|0x000000074b600000, 0x000000074b600000, 0x000000074b800000|  0%| F|  |TAMS 0x000000074b600000, 0x000000074b600000| Untracked 
|  78|0x000000074b800000, 0x000000074b800000, 0x000000074ba00000|  0%| F|  |TAMS 0x000000074b800000, 0x000000074b800000| Untracked 
|  79|0x000000074ba00000, 0x000000074ba00000, 0x000000074bc00000|  0%| F|  |TAMS 0x000000074ba00000, 0x000000074ba00000| Untracked 
|  80|0x000000074bc00000, 0x000000074bc00000, 0x000000074be00000|  0%| F|  |TAMS 0x000000074bc00000, 0x000000074bc00000| Untracked 
|  81|0x000000074be00000, 0x000000074bfdac40, 0x000000074c000000| 92%| S|  |TAMS 0x000000074be00000, 0x000000074be00000| Complete 
|  82|0x000000074c000000, 0x000000074c200000, 0x000000074c200000|100%| E|CS|TAMS 0x000000074c000000, 0x000000074c000000| Complete 
|  83|0x000000074c200000, 0x000000074c400000, 0x000000074c400000|100%| E|CS|TAMS 0x000000074c200000, 0x000000074c200000| Complete 
|  84|0x000000074c400000, 0x000000074c600000, 0x000000074c600000|100%| E|CS|TAMS 0x000000074c400000, 0x000000074c400000| Complete 
|  85|0x000000074c600000, 0x000000074c800000, 0x000000074c800000|100%| E|CS|TAMS 0x000000074c600000, 0x000000074c600000| Complete 
|  86|0x000000074c800000, 0x000000074ca00000, 0x000000074ca00000|100%| E|CS|TAMS 0x000000074c800000, 0x000000074c800000| Complete 
|  87|0x000000074ca00000, 0x000000074cc00000, 0x000000074cc00000|100%| E|CS|TAMS 0x000000074ca00000, 0x000000074ca00000| Complete 
|  88|0x000000074cc00000, 0x000000074ce00000, 0x000000074ce00000|100%| E|CS|TAMS 0x000000074cc00000, 0x000000074cc00000| Complete 
|  89|0x000000074ce00000, 0x000000074d000000, 0x000000074d000000|100%| E|CS|TAMS 0x000000074ce00000, 0x000000074ce00000| Complete 
|  90|0x000000074d000000, 0x000000074d200000, 0x000000074d200000|100%| E|CS|TAMS 0x000000074d000000, 0x000000074d000000| Complete 
|  91|0x000000074d200000, 0x000000074d400000, 0x000000074d400000|100%| E|CS|TAMS 0x000000074d200000, 0x000000074d200000| Complete 
|  92|0x000000074d400000, 0x000000074d487780, 0x000000074d600000| 26%| E|CS|TAMS 0x000000074d400000, 0x000000074d400000| Complete 
|  93|0x000000074d600000, 0x000000074d800000, 0x000000074d800000|100%| E|CS|TAMS 0x000000074d600000, 0x000000074d600000| Complete 
|  94|0x000000074d800000, 0x000000074da00000, 0x000000074da00000|100%| E|CS|TAMS 0x000000074d800000, 0x000000074d800000| Complete 
|  95|0x000000074da00000, 0x000000074dc00000, 0x000000074dc00000|100%| E|CS|TAMS 0x000000074da00000, 0x000000074da00000| Complete 

Card table byte_map: [0x0000028327eb0000,0x00000283284b0000] _byte_map_base: 0x00000283244a2000

Marking Bits (Prev, Next): (CMBitMap*) 0x000002831ce1c090, (CMBitMap*) 0x000002831ce1c0d0
 Prev Bits: [0x0000028328ab0000, 0x000002832ba40000)
 Next Bits: [0x000002832ba40000, 0x000002832e9d0000)

Polling page: 0x000002831ab10000

Metaspace:

Usage:
  Non-class:     11.12 MB used.
      Class:      1.69 MB used.
       Both:     12.81 MB used.

Virtual space:
  Non-class space:       16.00 MB reserved,      11.25 MB ( 70%) committed,  2 nodes.
      Class space:        1.00 GB reserved,       1.81 MB ( <1%) committed,  1 nodes.
             Both:        1.02 GB reserved,      13.06 MB (  1%) committed. 

Chunk freelists:
   Non-Class:  736.00 KB
       Class:  2.22 MB
        Both:  2.94 MB

MaxMetaspaceSize: unlimited
CompressedClassSpaceSize: 1.00 GB
Initial GC threshold: 21.00 MB
Current GC threshold: 21.00 MB
CDS: on
MetaspaceReclaimPolicy: balanced
 - commit_granule_bytes: 65536.
 - commit_granule_words: 8192.
 - virtual_space_node_default_size: 1048576.
 - enlarge_chunks_in_place: 1.
 - new_chunks_are_fully_committed: 0.
 - uncommit_free_chunks: 1.
 - use_allocation_guard: 0.
 - handle_deallocations: 1.


Internal statistics:

num_allocs_failed_limit: 0.
num_arena_births: 204.
num_arena_deaths: 0.
num_vsnodes_births: 3.
num_vsnodes_deaths: 0.
num_space_committed: 209.
num_space_uncommitted: 0.
num_chunks_returned_to_freelist: 0.
num_chunks_taken_from_freelist: 543.
num_chunk_merges: 0.
num_chunk_splits: 373.
num_chunks_enlarged: 284.
num_purges: 0.
num_inconsistent_stats: 0.

CodeCache: size=49152Kb used=5100Kb max_used=5100Kb free=44051Kb
 bounds [0x00000283248b0000, 0x0000028324db0000, 0x00000283278b0000]
 total_blobs=2372 nmethods=1905 adapters=392
 compilation: enabled
              stopped_count=0, restarted_count=0
 full_count=0

Compilation events (20 events):
Event: 4.133 Thread 0x0000028331fe13c0 nmethod 1891 0x0000028324da1e10 code [0x0000028324da1fa0, 0x0000028324da2088]
Event: 4.133 Thread 0x0000028331fe13c0 1894       1       java.lang.reflect.AccessibleObject::setAccessible0 (7 bytes)
Event: 4.133 Thread 0x0000028331fe13c0 nmethod 1894 0x0000028324da2110 code [0x0000028324da22a0, 0x0000028324da2378]
Event: 4.137 Thread 0x0000028330c6bd90 nmethod 1893 0x0000028324da2410 code [0x0000028324da28a0, 0x0000028324da4028]
Event: 4.228 Thread 0x0000028330cdd7f0 1896       1       java.lang.invoke.LambdaFormEditor$TransformKey::<init> (15 bytes)
Event: 4.228 Thread 0x0000028330cdd7f0 nmethod 1896 0x0000028324da4f10 code [0x0000028324da50a0, 0x0000028324da5198]
Event: 4.239 Thread 0x0000028330c6bd90 1898       1       jdk.internal.org.objectweb.asm.SymbolTable::putBootstrapMethods (56 bytes)
Event: 4.240 Thread 0x0000028330c6bd90 nmethod 1898 0x0000028324da5510 code [0x0000028324da56e0, 0x0000028324da58c8]
Event: 4.264 Thread 0x0000028330cdd7f0 1900       1       org.springframework.core.annotation.TypeMappedAnnotations::access$200 (5 bytes)
Event: 4.264 Thread 0x0000028330cdd7f0 nmethod 1900 0x0000028324da5d90 code [0x0000028324da5f20, 0x0000028324da5fd8]
Event: 4.265 Thread 0x0000028330cdd7f0 1901   !   1       java.lang.Class::getEnumConstantsShared (71 bytes)
Event: 4.265 Thread 0x0000028331fe13c0 1902       1       org.springframework.core.annotation.AnnotationsScanner::getDeclaredAnnotations (166 bytes)
Event: 4.266 Thread 0x0000028331fe13c0 nmethod 1902 0x0000028324da6090 code [0x0000028324da62e0, 0x0000028324da68b8]
Event: 4.267 Thread 0x0000028330cdd7f0 nmethod 1901 0x0000028324da6b90 code [0x0000028324da6de0, 0x0000028324da7558]
Event: 4.267 Thread 0x0000028330cdd7f0 1903       1       java.lang.System$2::getConstantPool (5 bytes)
Event: 4.267 Thread 0x0000028330cdd7f0 nmethod 1903 0x0000028324da7a10 code [0x0000028324da7ba0, 0x0000028324da7c88]
Event: 4.272 Thread 0x0000028330cdd7f0 1904 % !   1       java.util.concurrent.ConcurrentHashMap::transfer @ 96 (849 bytes)
Event: 4.277 Thread 0x0000028331fe13c0 1905       1       sun.reflect.generics.repository.AbstractRepository::getFactory (5 bytes)
Event: 4.277 Thread 0x0000028331fe13c0 nmethod 1905 0x0000028324da7d10 code [0x0000028324da7ea0, 0x0000028324da7f78]
Event: 4.278 Thread 0x0000028330cdd7f0 nmethod 1904% 0x0000028324da8010 code [0x0000028324da8320, 0x0000028324daa0a8]

GC Heap History (5 events):
Event: 1.604 GC heap before
{Heap before GC invocations=0 (full 0):
 garbage-first heap   total 196608K, used 12288K [0x0000000741c00000, 0x0000000800000000)
  region size 2048K, 6 young (12288K), 0 survivors (0K)
 Metaspace       used 5467K, committed 5696K, reserved 1056768K
  class space    used 646K, committed 768K, reserved 1048576K
}
Event: 1.615 GC heap after
{Heap after GC invocations=1 (full 0):
 garbage-first heap   total 196608K, used 4477K [0x0000000741c00000, 0x0000000800000000)
  region size 2048K, 1 young (2048K), 1 survivors (2048K)
 Metaspace       used 5467K, committed 5696K, reserved 1056768K
  class space    used 646K, committed 768K, reserved 1048576K
}
Event: 2.109 GC heap before
{Heap before GC invocations=1 (full 0):
 garbage-first heap   total 196608K, used 10621K [0x0000000741c00000, 0x0000000800000000)
  region size 2048K, 4 young (8192K), 1 survivors (2048K)
 Metaspace       used 7033K, committed 7168K, reserved 1056768K
  class space    used 861K, committed 896K, reserved 1048576K
}
Event: 2.115 GC heap after
{Heap after GC invocations=2 (full 0):
 garbage-first heap   total 196608K, used 5463K [0x0000000741c00000, 0x0000000800000000)
  region size 2048K, 1 young (2048K), 1 survivors (2048K)
 Metaspace       used 7033K, committed 7168K, reserved 1056768K
  class space    used 861K, committed 896K, reserved 1048576K
}
Event: 4.293 GC heap before
{Heap before GC invocations=2 (full 0):
 garbage-first heap   total 196608K, used 32087K [0x0000000741c00000, 0x0000000800000000)
  region size 2048K, 14 young (28672K), 1 survivors (2048K)
 Metaspace       used 13116K, committed 13376K, reserved 1064960K
  class space    used 1728K, committed 1856K, reserved 1048576K
}

Deoptimization events (4 events):
Event: 1.781 Thread 0x000002831cdc3050 DEOPT PACKING pc=0x0000028324aebb81 sp=0x00000087fbbfdae0
Event: 1.781 Thread 0x000002831cdc3050 DEOPT UNPACKING pc=0x0000028324902b43 sp=0x00000087fbbfcf38 mode 3
Event: 4.007 Thread 0x000002831cdc3050 DEOPT PACKING pc=0x0000028324d8c6f9 sp=0x00000087fbbfd4f0
Event: 4.007 Thread 0x000002831cdc3050 DEOPT UNPACKING pc=0x0000028324902b43 sp=0x00000087fbbfc9d0 mode 3

Classes unloaded (0 events):
No events

Classes redefined (0 events):
No events

Internal exceptions (20 events):
Event: 2.675 Thread 0x000002831cdc3050 Exception <a 'java/lang/NoSuchMethodError'{0x000000074d307588}: 'java.lang.Object java.lang.invoke.DirectMethodHandle$Holder.newInvokeSpecial(java.lang.Object, int, java.lang.Object)'> (0x000000074d307588) 
thrown [e:\jenkins\tmp\workspace\build\src\src\hotspot\share\interpreter\linkResolver.cpp, line 766]
Event: 2.676 Thread 0x000002831cdc3050 Exception <a 'java/lang/NoSuchMethodError'{0x000000074d30bfc8}: 'int java.lang.invoke.DirectMethodHandle$Holder.invokeSpecialIFC(java.lang.Object, java.lang.Object, java.lang.Object, java.lang.Object)'> (0x000000074d30bfc8) 
thrown [e:\jenkins\tmp\workspace\build\src\src\hotspot\share\interpreter\linkResolver.cpp, line 766]
Event: 2.717 Thread 0x000002831cdc3050 Exception <a 'java/lang/NoSuchMethodError'{0x000000074d3c4838}: 'java.lang.Object java.lang.invoke.DirectMethodHandle$Holder.invokeInterface(java.lang.Object, java.lang.Object)'> (0x000000074d3c4838) 
thrown [e:\jenkins\tmp\workspace\build\src\src\hotspot\share\interpreter\linkResolver.cpp, line 766]
Event: 2.722 Thread 0x000002831cdc3050 Exception <a 'java/lang/NoSuchMethodError'{0x000000074d3d4718}: 'void java.lang.invoke.DirectMethodHandle$Holder.invokeInterface(java.lang.Object, java.lang.Object, java.lang.Object)'> (0x000000074d3d4718) 
thrown [e:\jenkins\tmp\workspace\build\src\src\hotspot\share\interpreter\linkResolver.cpp, line 766]
Event: 2.798 Thread 0x000002831cdc3050 Exception <a 'java/lang/NoSuchMethodError'{0x000000074d045568}: 'java.lang.Object java.lang.invoke.DirectMethodHandle$Holder.invokeVirtual(java.lang.Object, java.lang.Object, java.lang.Object)'> (0x000000074d045568) 
thrown [e:\jenkins\tmp\workspace\build\src\src\hotspot\share\interpreter\linkResolver.cpp, line 766]
Event: 2.851 Thread 0x000002831cdc3050 Exception <a 'java/lang/NoSuchMethodError'{0x000000074d0df180}: 'void java.lang.invoke.DirectMethodHandle$Holder.invokeStatic(java.lang.Object, java.lang.Object, int)'> (0x000000074d0df180) 
thrown [e:\jenkins\tmp\workspace\build\src\src\hotspot\share\interpreter\linkResolver.cpp, line 766]
Event: 2.854 Thread 0x000002831cdc3050 Exception <a 'java/lang/NoSuchMethodError'{0x000000074d0e6f58}: 'void java.lang.invoke.DirectMethodHandle$Holder.invokeStaticInit(java.lang.Object, java.lang.Object)'> (0x000000074d0e6f58) 
thrown [e:\jenkins\tmp\workspace\build\src\src\hotspot\share\interpreter\linkResolver.cpp, line 766]
Event: 2.862 Thread 0x000002831cdc3050 Exception <a 'java/lang/NoSuchMethodError'{0x000000074d0fd848}: 'void java.lang.invoke.DirectMethodHandle$Holder.invokeStaticInit(java.lang.Object, java.lang.Object, java.lang.Object)'> (0x000000074d0fd848) 
thrown [e:\jenkins\tmp\workspace\build\src\src\hotspot\share\interpreter\linkResolver.cpp, line 766]
Event: 2.901 Thread 0x000002831cdc3050 Exception <a 'java/lang/NoSuchMethodError'{0x000000074d16b640}: 'void java.lang.invoke.DirectMethodHandle$Holder.invokeVirtual(java.lang.Object, java.lang.Object, java.lang.Object, java.lang.Object)'> (0x000000074d16b640) 
thrown [e:\jenkins\tmp\workspace\build\src\src\hotspot\share\interpreter\linkResolver.cpp, line 766]
Event: 3.181 Thread 0x000002831cdc3050 Exception <a 'java/lang/NoSuchMethodError'{0x000000074ce8a328}: 'void java.lang.invoke.DirectMethodHandle$Holder.invokeSpecial(java.lang.Object, java.lang.Object, java.lang.Object)'> (0x000000074ce8a328) 
thrown [e:\jenkins\tmp\workspace\build\src\src\hotspot\share\interpreter\linkResolver.cpp, line 766]
Event: 3.183 Thread 0x000002831cdc3050 Exception <a 'java/lang/NoSuchMethodError'{0x000000074ce90900}: 'void java.lang.invoke.DirectMethodHandle$Holder.invokeSpecial(java.lang.Object, java.lang.Object, java.lang.Object, java.lang.Object, java.lang.Object)'> (0x000000074ce90900) 
thrown [e:\jenkins\tmp\workspace\build\src\src\hotspot\share\interpreter\linkResolver.cpp, line 766]
Event: 3.205 Thread 0x0000028332343020 Exception <a 'java/lang/NoClassDefFoundError'{0x000000074cf0af00}: javax/validation/Validation> (0x000000074cf0af00) 
thrown [e:\jenkins\tmp\workspace\build\src\src\hotspot\share\classfile\systemDictionary.cpp, line 245]
Event: 3.290 Thread 0x0000028332343020 Exception <a 'java/lang/NoSuchMethodError'{0x000000074cd63f50}: 'java.lang.Object java.lang.invoke.DirectMethodHandle$Holder.invokeStaticInit(java.lang.Object, java.lang.Object, java.lang.Object)'> (0x000000074cd63f50) 
thrown [e:\jenkins\tmp\workspace\build\src\src\hotspot\share\interpreter\linkResolver.cpp, line 766]
Event: 3.291 Thread 0x0000028332343020 Exception <a 'java/lang/NoSuchMethodError'{0x000000074cd69e40}: 'java.lang.Object java.lang.invoke.DirectMethodHandle$Holder.invokeStaticInit(java.lang.Object, java.lang.Object, java.lang.Object, java.lang.Object, java.lang.Object)'> (0x000000074cd69e40) 
thrown [e:\jenkins\tmp\workspace\build\src\src\hotspot\share\interpreter\linkResolver.cpp, line 766]
Event: 3.774 Thread 0x000002831cdc3050 Exception <a 'java/lang/NoSuchMethodError'{0x000000074c9cc838}: 'org.slf4j.impl.StaticMDCBinder org.slf4j.impl.StaticMDCBinder.getSingleton()'> (0x000000074c9cc838) 
thrown [e:\jenkins\tmp\workspace\build\src\src\hotspot\share\interpreter\linkResolver.cpp, line 766]
Event: 4.227 Thread 0x0000028332343020 Exception <a 'java/lang/NoSuchMethodError'{0x000000074c0b95d8}: 'long java.lang.invoke.DirectMethodHandle$Holder.invokeSpecial(java.lang.Object, java.lang.Object)'> (0x000000074c0b95d8) 
thrown [e:\jenkins\tmp\workspace\build\src\src\hotspot\share\interpreter\linkResolver.cpp, line 766]
Event: 4.239 Thread 0x0000028332343020 Exception <a 'java/lang/NoSuchMethodError'{0x000000074c0e66b8}: 'long java.lang.invoke.DirectMethodHandle$Holder.invokeStatic(java.lang.Object, java.lang.Object)'> (0x000000074c0e66b8) 
thrown [e:\jenkins\tmp\workspace\build\src\src\hotspot\share\interpreter\linkResolver.cpp, line 766]
Event: 4.240 Thread 0x0000028332343020 Exception <a 'java/lang/NoSuchMethodError'{0x000000074c0e9cb8}: 'long java.lang.invoke.DirectMethodHandle$Holder.invokeStaticInit(java.lang.Object, java.lang.Object)'> (0x000000074c0e9cb8) 
thrown [e:\jenkins\tmp\workspace\build\src\src\hotspot\share\interpreter\linkResolver.cpp, line 766]
Event: 4.252 Thread 0x0000028332343020 Exception <a 'java/lang/NoSuchMethodError'{0x000000074c18c540}: 'long java.lang.invoke.DirectMethodHandle$Holder.invokeInterface(java.lang.Object, java.lang.Object)'> (0x000000074c18c540) 
thrown [e:\jenkins\tmp\workspace\build\src\src\hotspot\share\interpreter\linkResolver.cpp, line 766]
Event: 4.253 Thread 0x0000028332343020 Exception <a 'java/lang/IncompatibleClassChangeError'{0x000000074c18fae8}: Found class java.lang.Object, but interface was expected> (0x000000074c18fae8) 
thrown [e:\jenkins\tmp\workspace\build\src\src\hotspot\share\interpreter\linkResolver.cpp, line 833]

VM Operations (20 events):
Event: 1.252 Executing VM operation: Cleanup done
Event: 1.603 Executing VM operation: G1CollectForAllocation
Event: 1.615 Executing VM operation: G1CollectForAllocation done
Event: 1.666 Executing VM operation: HandshakeAllThreads
Event: 1.666 Executing VM operation: HandshakeAllThreads done
Event: 2.046 Executing VM operation: HandshakeAllThreads
Event: 2.046 Executing VM operation: HandshakeAllThreads done
Event: 2.109 Executing VM operation: G1CollectForAllocation
Event: 2.115 Executing VM operation: G1CollectForAllocation done
Event: 2.653 Executing VM operation: HandshakeAllThreads
Event: 2.653 Executing VM operation: HandshakeAllThreads done
Event: 3.222 Executing VM operation: HandshakeAllThreads
Event: 3.222 Executing VM operation: HandshakeAllThreads done
Event: 3.222 Executing VM operation: Cleanup
Event: 3.222 Executing VM operation: Cleanup done
Event: 4.234 Executing VM operation: Cleanup
Event: 4.235 Executing VM operation: Cleanup done
Event: 4.270 Executing VM operation: HandshakeAllThreads
Event: 4.270 Executing VM operation: HandshakeAllThreads done
Event: 4.293 Executing VM operation: G1CollectForAllocation

Events (20 events):
Event: 3.799 loading class jdk/internal/reflect/UnsafeQualifiedStaticIntegerFieldAccessorImpl
Event: 3.800 loading class jdk/internal/reflect/UnsafeQualifiedStaticIntegerFieldAccessorImpl done
Event: 3.824 loading class org/xml/sax/ErrorHandler
Event: 3.824 loading class org/xml/sax/ErrorHandler done
Event: 3.913 loading class java/lang/annotation/Repeatable
Event: 3.913 loading class java/lang/annotation/Repeatable done
Event: 4.062 loading class java/beans/Introspector
Event: 4.062 loading class java/beans/Introspector done
Event: 4.063 loading class java/beans/EventSetDescriptor
Event: 4.063 loading class java/beans/FeatureDescriptor
Event: 4.063 loading class java/beans/FeatureDescriptor done
Event: 4.063 loading class java/beans/EventSetDescriptor done
Event: 4.063 loading class java/beans/Introspector$1
Event: 4.063 loading class jdk/internal/access/JavaBeansAccess
Event: 4.063 loading class jdk/internal/access/JavaBeansAccess done
Event: 4.064 loading class java/beans/Introspector$1 done
Event: 4.122 loading class java/util/regex/Pattern$BnM
Event: 4.122 loading class java/util/regex/Pattern$BnM done
Event: 4.123 loading class java/util/regex/Pattern$Pos
Event: 4.123 loading class java/util/regex/Pattern$Pos done


Dynamic libraries:
0x00007ff627960000 - 0x00007ff62796e000 	C:\Users\patry\.jdks\temurin-17.0.3\bin\java.exe
0x00007ff85e1d0000 - 0x00007ff85e3c7000 	C:\Windows\SYSTEM32\ntdll.dll
0x00007ff85c2d0000 - 0x00007ff85c38d000 	C:\Windows\System32\KERNEL32.DLL
0x00007ff85bef0000 - 0x00007ff85c1bd000 	C:\Windows\System32\KERNELBASE.dll
0x00007ff85bda0000 - 0x00007ff85bea0000 	C:\Windows\System32\ucrtbase.dll
0x00007ff855d40000 - 0x00007ff855d58000 	C:\Users\patry\.jdks\temurin-17.0.3\bin\jli.dll
0x00007ff855410000 - 0x00007ff855429000 	C:\Users\patry\.jdks\temurin-17.0.3\bin\VCRUNTIME140.dll
0x00007ff85c6e0000 - 0x00007ff85c880000 	C:\Windows\System32\USER32.dll
0x00007ff85b8f0000 - 0x00007ff85b912000 	C:\Windows\System32\win32u.dll
0x00007ff84fdb0000 - 0x00007ff85004a000 	C:\Windows\WinSxS\amd64_microsoft.windows.common-controls_6595b64144ccf1df_6.0.19041.1110_none_60b5254171f9507e\COMCTL32.dll
0x00007ff85d6b0000 - 0x00007ff85d6da000 	C:\Windows\System32\GDI32.dll
0x00007ff85c230000 - 0x00007ff85c2ce000 	C:\Windows\System32\msvcrt.dll
0x00007ff85b920000 - 0x00007ff85ba2b000 	C:\Windows\System32\gdi32full.dll
0x00007ff85bac0000 - 0x00007ff85bb5d000 	C:\Windows\System32\msvcp_win.dll
0x00007ff85c390000 - 0x00007ff85c3c0000 	C:\Windows\System32\IMM32.DLL
0x00007ff857530000 - 0x00007ff85753c000 	C:\Users\patry\.jdks\temurin-17.0.3\bin\vcruntime140_1.dll
0x00007ff84e210000 - 0x00007ff84e2a1000 	C:\Users\patry\.jdks\temurin-17.0.3\bin\msvcp140.dll
0x00007ff81ad30000 - 0x00007ff81b978000 	C:\Users\patry\.jdks\temurin-17.0.3\bin\server\jvm.dll
0x00007ff85cdb0000 - 0x00007ff85ce5e000 	C:\Windows\System32\ADVAPI32.dll
0x00007ff85cb60000 - 0x00007ff85cbfc000 	C:\Windows\System32\sechost.dll
0x00007ff85c5b0000 - 0x00007ff85c6d5000 	C:\Windows\System32\RPCRT4.dll
0x00007ff85cb50000 - 0x00007ff85cb58000 	C:\Windows\System32\PSAPI.DLL
0x00007ff846660000 - 0x00007ff846669000 	C:\Windows\SYSTEM32\WSOCK32.dll
0x00007ff85cc80000 - 0x00007ff85cceb000 	C:\Windows\System32\WS2_32.dll
0x00007ff850050000 - 0x00007ff850077000 	C:\Windows\SYSTEM32\WINMM.dll
0x00007ff8526a0000 - 0x00007ff8526aa000 	C:\Windows\SYSTEM32\VERSION.dll
0x00007ff8597f0000 - 0x00007ff859802000 	C:\Windows\SYSTEM32\kernel.appcore.dll
0x00007ff855400000 - 0x00007ff85540a000 	C:\Users\patry\.jdks\temurin-17.0.3\bin\jimage.dll
0x00007ff853f60000 - 0x00007ff854144000 	C:\Windows\SYSTEM32\DBGHELP.DLL
0x00007ff8547f0000 - 0x00007ff85481c000 	C:\Windows\SYSTEM32\dbgcore.DLL
0x00007ff85ba30000 - 0x00007ff85bab2000 	C:\Windows\System32\bcryptPrimitives.dll
0x00007ff852c00000 - 0x00007ff852c0e000 	C:\Users\patry\.jdks\temurin-17.0.3\bin\instrument.dll
0x00007ff852bd0000 - 0x00007ff852bf5000 	C:\Users\patry\.jdks\temurin-17.0.3\bin\java.dll
0x00007ff840280000 - 0x00007ff840356000 	C:\Users\patry\.jdks\temurin-17.0.3\bin\jsvml.dll
0x00007ff85da40000 - 0x00007ff85e184000 	C:\Windows\System32\SHELL32.dll
0x00007ff8599f0000 - 0x00007ff85a184000 	C:\Windows\SYSTEM32\windows.storage.dll
0x00007ff85d6e0000 - 0x00007ff85da34000 	C:\Windows\System32\combase.dll
0x00007ff85b350000 - 0x00007ff85b37c000 	C:\Windows\SYSTEM32\Wldp.dll
0x00007ff85c890000 - 0x00007ff85c93d000 	C:\Windows\System32\SHCORE.dll
0x00007ff85c550000 - 0x00007ff85c5a5000 	C:\Windows\System32\shlwapi.dll
0x00007ff85b830000 - 0x00007ff85b84f000 	C:\Windows\SYSTEM32\profapi.dll
0x00007ff852ae0000 - 0x00007ff852af8000 	C:\Users\patry\.jdks\temurin-17.0.3\bin\zip.dll
0x00007ff852a70000 - 0x00007ff852a89000 	C:\Users\patry\.jdks\temurin-17.0.3\bin\net.dll
0x00007ff8565f0000 - 0x00007ff8566fa000 	C:\Windows\SYSTEM32\WINHTTP.dll
0x00007ff85b0b0000 - 0x00007ff85b11a000 	C:\Windows\system32\mswsock.dll
0x00007ff8529c0000 - 0x00007ff8529d5000 	C:\Users\patry\.jdks\temurin-17.0.3\bin\nio.dll
0x00007ff852960000 - 0x00007ff85297a000 	C:\Users\patry\AppData\Local\JetBrains\Toolbox\apps\IDEA-U\ch-0\221.5787.30\bin\breakgen64.dll
0x00007ff85ad90000 - 0x00007ff85ae5b000 	C:\Windows\SYSTEM32\DNSAPI.dll
0x00007ff85ad50000 - 0x00007ff85ad8b000 	C:\Windows\SYSTEM32\IPHLPAPI.DLL
0x00007ff85d680000 - 0x00007ff85d688000 	C:\Windows\System32\NSI.dll
0x00007ff851cf0000 - 0x00007ff851cfa000 	C:\Windows\System32\rasadhlp.dll
0x00007ff851d90000 - 0x00007ff851e10000 	C:\Windows\System32\fwpuclnt.dll
0x00007ff85bd70000 - 0x00007ff85bd97000 	C:\Windows\System32\bcrypt.dll
0x00007ff852b90000 - 0x00007ff852b99000 	C:\Users\patry\.jdks\temurin-17.0.3\bin\management.dll
0x00007ff852ad0000 - 0x00007ff852adb000 	C:\Users\patry\.jdks\temurin-17.0.3\bin\management_ext.dll
0x00007ff85b2a0000 - 0x00007ff85b2b8000 	C:\Windows\SYSTEM32\CRYPTSP.dll
0x00007ff85a9c0000 - 0x00007ff85a9f4000 	C:\Windows\system32\rsaenh.dll
0x00007ff85b7b0000 - 0x00007ff85b7de000 	C:\Windows\SYSTEM32\USERENV.dll
0x00007ff85b2c0000 - 0x00007ff85b2cc000 	C:\Windows\SYSTEM32\CRYPTBASE.dll
0x00007ff852f20000 - 0x00007ff852f37000 	C:\Windows\SYSTEM32\dhcpcsvc6.DLL
0x00007ff853730000 - 0x00007ff85374d000 	C:\Windows\SYSTEM32\dhcpcsvc.DLL
0x00007ff8479d0000 - 0x00007ff8479e7000 	C:\Windows\system32\napinsp.dll
0x00007ff8479b0000 - 0x00007ff8479cb000 	C:\Windows\system32\pnrpnsp.dll
0x00007ff847990000 - 0x00007ff8479a5000 	C:\Windows\system32\wshbth.dll
0x00007ff8555e0000 - 0x00007ff8555fd000 	C:\Windows\system32\NLAapi.dll
0x00007ff847970000 - 0x00007ff847982000 	C:\Windows\System32\winrnr.dll

dbghelp: loaded successfully - version: 4.0.5 - missing functions: none
symbol engine: initialized successfully - sym options: 0x614 - pdb path: .;C:\Users\patry\.jdks\temurin-17.0.3\bin;C:\Windows\SYSTEM32;C:\Windows\WinSxS\amd64_microsoft.windows.common-controls_6595b64144ccf1df_6.0.19041.1110_none_60b5254171f9507e;C:\Users\patry\.jdks\temurin-17.0.3\bin\server;C:\Users\patry\AppData\Local\JetBrains\Toolbox\apps\IDEA-U\ch-0\221.5787.30\bin

VM Arguments:
jvm_args: -XX:TieredStopAtLevel=1 -Xverify:none -Dspring.output.ansi.enabled=always -Dcom.sun.management.jmxremote -Dspring.jmx.enabled=true -Dspring.liveBeansView.mbeanDomain -Dspring.application.admin.enabled=true -javaagent:C:\Users\patry\AppData\Local\JetBrains\Toolbox\apps\IDEA-U\ch-0\221.5787.30\lib\idea_rt.jar=55302:C:\Users\patry\AppData\Local\JetBrains\Toolbox\apps\IDEA-U\ch-0\221.5787.30\bin -Dfile.encoding=UTF-8 
java_command: pl.mantiscrab.calculator.CalculatorApplication
java_class_path (initial): G:\My Drive\Programowanie\Java\spring\api-healthy-calculator\target\classes;C:\Users\patry\.m2\repository\org\springframework\boot\spring-boot-starter-web\2.7.0\spring-boot-starter-web-2.7.0.jar;C:\Users\patry\.m2\repository\org\springframework\boot\spring-boot-starter\2.7.0\spring-boot-starter-2.7.0.jar;C:\Users\patry\.m2\repository\org\springframework\boot\spring-boot\2.7.0\spring-boot-2.7.0.jar;C:\Users\patry\.m2\repository\org\springframework\boot\spring-boot-autoconfigure\2.7.0\spring-boot-autoconfigure-2.7.0.jar;C:\Users\patry\.m2\repository\org\springframework\boot\spring-boot-starter-logging\2.7.0\spring-boot-starter-logging-2.7.0.jar;C:\Users\patry\.m2\repository\ch\qos\logback\logback-classic\1.2.11\logback-classic-1.2.11.jar;C:\Users\patry\.m2\repository\ch\qos\logback\logback-core\1.2.11\logback-core-1.2.11.jar;C:\Users\patry\.m2\repository\org\apache\logging\log4j\log4j-to-slf4j\2.17.2\log4j-to-slf4j-2.17.2.jar;C:\Users\patry\.m2\repository\org\apache\logging\log4j\log4j-api\2.17.2\log4j-api-2.17.2.jar;C:\Users\patry\.m2\repository\org\slf4j\jul-to-slf4j\1.7.36\jul-to-slf4j-1.7.36.jar;C:\Users\patry\.m2\repository\jakarta\annotation\jakarta.annotation-api\1.3.5\jakarta.annotation-api-1.3.5.jar;C:\Users\patry\.m2\repository\org\yaml\snakeyaml\1.30\snakeyaml-1.30.jar;C:\Users\patry\.m2\repository\org\springframework\boot\spring-boot-starter-json\2.7.0\spring-boot-starter-json-2.7.0.jar;C:\Users\patry\.m2\repository\com\fasterxml\jackson\core\jackson-databind\2.13.3\jackson-databind-2.13.3.jar;C:\Users\patry\.m2\repository\com\fasterxml\jackson\core\jackson-annotations\2.13.3\jackson-annotations-2.13.3.jar;C:\Users\patry\.m2\repository\com\fasterxml\jackson\core\jackson-core\2.13.3\jackson-core-2.13.3.jar;C:\Users\patry\.m2\repository\com\fasterxml\jackson\datatype\jackson-datatype-jdk8\2.13.3\jackson-datatype-jdk8-2.13.3.jar;C:\Users\patry\.m2\repository\com\fasterxml\jackson\datatype\jackson-datatype-jsr310\2.13.3\jackson-dat
Launcher Type: SUN_STANDARD

[Global flags]
     intx CICompilerCount                          = 3                                         {product} {ergonomic}
     uint ConcGCThreads                            = 1                                         {product} {ergonomic}
     uint G1ConcRefinementThreads                  = 4                                         {product} {ergonomic}
   size_t G1HeapRegionSize                         = 2097152                                   {product} {ergonomic}
    uintx GCDrainStackTargetSize                   = 64                                        {product} {ergonomic}
   size_t InitialHeapSize                          = 201326592                                 {product} {ergonomic}
     bool ManagementServer                         = true                                      {product} {command line}
   size_t MarkStackSize                            = 4194304                                   {product} {ergonomic}
   size_t MaxHeapSize                              = 3191865344                                {product} {ergonomic}
   size_t MaxNewSize                               = 1914699776                                {product} {ergonomic}
   size_t MinHeapDeltaBytes                        = 2097152                                   {product} {ergonomic}
   size_t MinHeapSize                              = 8388608                                   {product} {ergonomic}
    uintx NonProfiledCodeHeapSize                  = 0                                      {pd product} {ergonomic}
     bool ProfileInterpreter                       = false                                  {pd product} {command line}
    uintx ProfiledCodeHeapSize                     = 0                                      {pd product} {ergonomic}
   size_t SoftMaxHeapSize                          = 3191865344                             {manageable} {ergonomic}
     intx TieredStopAtLevel                        = 1                                         {product} {command line}
     bool UseCompressedClassPointers               = true                           {product lp64_product} {ergonomic}
     bool UseCompressedOops                        = true                           {product lp64_product} {ergonomic}
     bool UseG1GC                                  = true                                      {product} {ergonomic}
     bool UseLargePagesIndividualAllocation        = false                                  {pd product} {ergonomic}

Logging:
Log output configuration:
 #0: stdout all=warning uptime,level,tags
 #1: stderr all=off uptime,level,tags

Environment Variables:
JAVA_HOME=C:\Users\patry\.jdks\openjdk-17.0.2
PATH=C:\Windows\system32;C:\Windows;C:\Windows\System32\Wbem;C:\Windows\System32\WindowsPowerShell\v1.0\;C:\Windows\System32\OpenSSH\;C:\Program Files\Git\cmd;C:\Users\patry\AppData\Local\Microsoft\WindowsApps;C:\Users\patry\AppData\Local\Programs\Microsoft VS Code\bin;C:\Program Files\MySQL\MySQL Server 8.0\bin
USERNAME=patry
OS=Windows_NT
PROCESSOR_IDENTIFIER=Intel64 Family 6 Model 69 Stepping 1, GenuineIntel



---------------  S Y S T E M  ---------------

OS:
 Windows 10 , 64 bit Build 19041 (10.0.19041.1741)
OS uptime: 3 days 5:50 hours

CPU: total 4 (initial active 4) (2 cores per cpu, 2 threads per core) family 6 model 69 stepping 1 microcode 0x25, cx8, cmov, fxsr, ht, mmx, sse, sse2, sse3, ssse3, sse4.1, sse4.2, popcnt, lzcnt, tsc, tscinvbit, avx, avx2, aes, erms, clmul, bmi1, bmi2, fma, vzeroupper, clflush

Memory: 4k page, system-wide physical 12171M (3767M free)
TotalPageFile size 14027M (AvailPageFile size 3235M)
current process WorkingSet (physical memory assigned to process): 93M, peak: 93M
current process commit charge ("private bytes"): 288M, peak: 288M

vm_info: OpenJDK 64-Bit Server VM (17.0.3+7) for windows-amd64 JRE (17.0.3+7), built on Apr 19 2022 16:55:35 by "" with MS VC++ 16.7 (VS2019)

END.
